<?xml version="1.0" encoding="UTF-8"?>
<!-- Generated by org.testng.reporters.JUnitReportReporter -->
<testsuite skipped="0" hostname="LAPTOP-SMC8HIAI" name="testPackage.TestActiTimeInvalidLogin" tests="1" failures="0" timestamp="2022-02-28T09:09:12 IST" time="67.480" errors="0">
  <testcase name="testActiTimeInValidlogin" time="67.480" classname="testPackage.TestActiTimeInvalidLogin"/>
  <system-out>
    <![CDATA[Test execution has been started
Test script  has been executed successfully]]>
  </system-out>
</testsuite> <!-- testPackage.TestActiTimeInvalidLogin -->
